<?xml version="1.0" encoding="UTF-8"?>
<testsuite name="Academy choucair" tests="1" skipped="0" failures="0" errors="0" timestamp="2022-06-21T23:02:47" hostname="DESKTOP-OV4489B" time="18.956">
  <properties/>
  <testcase name="Search for a automation course" classname="Academy choucair" time="18.956"/>
  <system-out><![CDATA[]]></system-out>
  <system-err><![CDATA[[Test worker] WARN net.thucydides.core.steps.BaseStepListener - stepStarted: net.thucydides.core.steps.ExecutedStepDescription@8b08d0d
[Test worker] WARN net.thucydides.core.steps.BaseStepListener - stepStarted: net.thucydides.core.steps.ExecutedStepDescription@6bc1d61f
[Test worker] WARN net.thucydides.core.steps.BaseStepListener - stepStarted: net.thucydides.core.steps.ExecutedStepDescription@499ed0ec
jun 21, 2022 6:02:49 PM org.openqa.selenium.remote.DesiredCapabilities chrome
INFORMACIÓN: Using `new ChromeOptions()` is preferred to `DesiredCapabilities.chrome()`
[Test worker] INFO net.serenitybdd.core.webdriver.driverproviders.ProvideNewDriver - Instantiating driver
[Test worker] INFO net.serenitybdd.core.webdriver.driverproviders.ProvideNewDriver - Driver capabilities: Capabilities {acceptInsecureCerts: false, browserName: chrome, chrome.switches: --start-maximized, goog:chromeOptions: {args: [--start-maximized], extensions: []}, loggingPrefs: org.openqa.selenium.logging..., platform: ANY, version: }
Starting ChromeDriver 102.0.5005.61 (0e59bcc00cc4985ce39ad31c150065f159d95ad3-refs/branch-heads/5005@{#819}) on port 38333
Only local connections are allowed.
Please see https://chromedriver.chromium.org/security-considerations for suggestions on keeping ChromeDriver safe.
ChromeDriver was started successfully.
jun 21, 2022 6:02:53 PM org.openqa.selenium.remote.ProtocolHandshake createSession
INFORMACIÓN: Detected dialect: W3C
[Test worker] WARN net.thucydides.core.steps.BaseStepListener - stepFinished: current outcome:Search for a automation course:Given tan Brandon wants to learn automation at the academy Choucair [Brandon open up [Brandon opens the Automation practice page]]
[Test worker] WARN net.thucydides.core.steps.BaseStepListener - stepFinished: current outcome:Search for a automation course:Given tan Brandon wants to learn automation at the academy Choucair [Brandon open up [Brandon opens the Automation practice page]]
[Test worker] WARN net.thucydides.core.steps.BaseStepListener - stepStarted: net.thucydides.core.steps.ExecutedStepDescription@4f3c46eb
[Test worker] WARN net.thucydides.core.steps.BaseStepListener - stepStarted: net.thucydides.core.steps.ExecutedStepDescription@2fb2921a
[Test worker] WARN net.thucydides.core.steps.BaseStepListener - stepFinished: current outcome:Search for a automation course:Given tan Brandon wants to learn automation at the academy Choucair [Brandon open up [Brandon opens the Automation practice page], Brandon login [Brandon clicks on Button login]]
[Test worker] WARN net.thucydides.core.steps.BaseStepListener - stepStarted: net.thucydides.core.steps.ExecutedStepDescription@46656f80
[Test worker] WARN net.thucydides.core.steps.BaseStepListener - stepFinished: current outcome:Search for a automation course:Given tan Brandon wants to learn automation at the academy Choucair [Brandon open up [Brandon opens the Automation practice page], Brandon login [Brandon clicks on Button login, Brandon enters 'troller2599w@gmail.com' into User ]]
[Test worker] WARN net.thucydides.core.steps.BaseStepListener - stepStarted: net.thucydides.core.steps.ExecutedStepDescription@6f7568eb
[Test worker] WARN net.thucydides.core.steps.BaseStepListener - stepFinished: current outcome:Search for a automation course:Given tan Brandon wants to learn automation at the academy Choucair [Brandon open up [Brandon opens the Automation practice page], Brandon login [Brandon clicks on Button login, Brandon enters 'troller2599w@gmail.com' into User , Brandon enters 'bsgp9905' into Password]]
[Test worker] WARN net.thucydides.core.steps.BaseStepListener - stepStarted: net.thucydides.core.steps.ExecutedStepDescription@669efecd
[Test worker] WARN net.thucydides.core.steps.BaseStepListener - stepFinished: current outcome:Search for a automation course:Given tan Brandon wants to learn automation at the academy Choucair [Brandon open up [Brandon opens the Automation practice page], Brandon login [Brandon clicks on Button login, Brandon enters 'troller2599w@gmail.com' into User , Brandon enters 'bsgp9905' into Password, Brandon clicks on Enter button]]
[Test worker] WARN net.thucydides.core.steps.BaseStepListener - stepFinished: current outcome:Search for a automation course:Given tan Brandon wants to learn automation at the academy Choucair [Brandon open up [Brandon opens the Automation practice page], Brandon login [Brandon clicks on Button login, Brandon enters 'troller2599w@gmail.com' into User , Brandon enters 'bsgp9905' into Password, Brandon clicks on Enter button]]
[Test worker] WARN net.thucydides.core.steps.BaseStepListener - stepFinished: current outcome:Search for a automation course:Given tan Brandon wants to learn automation at the academy Choucair [Brandon open up [Brandon opens the Automation practice page], Brandon login [Brandon clicks on Button login, Brandon enters 'troller2599w@gmail.com' into User , Brandon enters 'bsgp9905' into Password, Brandon clicks on Enter button]]
[Test worker] WARN net.thucydides.core.steps.BaseStepListener - stepStarted: net.thucydides.core.steps.ExecutedStepDescription@2d18a80c
[Test worker] WARN net.thucydides.core.steps.BaseStepListener - stepFinished: current outcome:Search for a automation course:Given tan Brandon wants to learn automation at the academy Choucair [Brandon open up [Brandon opens the Automation practice page], Brandon login [Brandon clicks on Button login, Brandon enters 'troller2599w@gmail.com' into User , Brandon enters 'bsgp9905' into Password, Brandon clicks on Enter button]], When he search for he course Recursos Automatizacion Bancolombia on the choucair academy platform
[Test worker] WARN net.thucydides.core.steps.BaseStepListener - stepStarted: net.thucydides.core.steps.ExecutedStepDescription@7b4810b4
[Test worker] WARN net.thucydides.core.steps.BaseStepListener - stepFinished: current outcome:Search for a automation course:Given tan Brandon wants to learn automation at the academy Choucair [Brandon open up [Brandon opens the Automation practice page], Brandon login [Brandon clicks on Button login, Brandon enters 'troller2599w@gmail.com' into User , Brandon enters 'bsgp9905' into Password, Brandon clicks on Enter button]], When he search for he course Recursos Automatizacion Bancolombia on the choucair academy platform, Then he finds the course called resources Recursos Automatizacion Bancolombia
[Test worker] WARN net.thucydides.core.steps.BaseStepListener - testFinished: Search for a automation course:Given tan Brandon wants to learn automation at the academy Choucair [Brandon open up [Brandon opens the Automation practice page], Brandon login [Brandon clicks on Button login, Brandon enters 'troller2599w@gmail.com' into User , Brandon enters 'bsgp9905' into Password, Brandon clicks on Enter button]], When he search for he course Recursos Automatizacion Bancolombia on the choucair academy platform, Then he finds the course called resources Recursos Automatizacion Bancolombia
[Test worker] WARN net.thucydides.core.steps.BaseStepListener - TestOutcomes: [Search for a automation course:Given tan Brandon wants to learn automation at the academy Choucair [Brandon open up [Brandon opens the Automation practice page], Brandon login [Brandon clicks on Button login, Brandon enters 'troller2599w@gmail.com' into User , Brandon enters 'bsgp9905' into Password, Brandon clicks on Enter button]], When he search for he course Recursos Automatizacion Bancolombia on the choucair academy platform, Then he finds the course called resources Recursos Automatizacion Bancolombia]
[Test worker] WARN net.thucydides.core.steps.BaseStepListener - Final testOutcomes: [Search for a automation course:Given tan Brandon wants to learn automation at the academy Choucair [Brandon open up [Brandon opens the Automation practice page], Brandon login [Brandon clicks on Button login, Brandon enters 'troller2599w@gmail.com' into User , Brandon enters 'bsgp9905' into Password, Brandon clicks on Enter button]], When he search for he course Recursos Automatizacion Bancolombia on the choucair academy platform, Then he finds the course called resources Recursos Automatizacion Bancolombia]
[Test worker] INFO net.thucydides.core.steps.ConsoleLoggingListener - 
        __    _____ _____ ____ _____   ____   _    ____  ____  _____ ____  
  _     \ \  |_   _| ____/ ___|_   _| |  _ \ / \  / ___|/ ___|| ____|  _ \ 
 (_)_____| |   | | |  _| \___ \ | |   | |_) / _ \ \___ \\___ \|  _| | | | |
  _|_____| |   | | | |___ ___) || |   |  __/ ___ \ ___) |___) | |___| |_| |
 (_)     | |   |_| |_____|____/ |_|   |_| /_/   \_\____/|____/|_____|____/ 
        /_/                                                                

TEST PASSED: Search for a automation course
----------------------------------------------------------------------------
]]></system-err>
</testsuite>
